2024-06-19T17:20:27+00:00 DEBUG POST: https://ads.tiktok.com/marketing_api/api/developer/app/create_auto_approve/

{"business_platform":"PROD","smb_id":"tt4b_woocommerce_6673135bb6e7fhttplocalhostwordpresswp-admin","smb_name":"PROD","redirect_url":"http:\/\/localhost\/wordpress\/wp-admin\/"}
 ajax: no
2024-06-19T17:20:28+00:00 DEBUG Tt4b_Mapi_Class::create_open_source_app: Response: 

HTTP/1.1 200 OK
Content-Type: application/json
X-Tt-Logid: 20240619172024655B20A0E307212193D8,20240619172024655B20A0E307212193D8
Strict-Transport-Security: max-age=31536000; includeSubDomains
x-tt-trace-host: 011bb322217516e471c27678fd06903c0238e8299cacd0a18df27d24440d99cae914898f0fd8ea51fb74260fee31aff5c90f4d37d0bde4d610fd16fc0bd0687ff38128fa755cdf22ebe13f54296bef6b3dc599cc49fc3873d90902a1e06da9f2296aecf779bba651b9f574b8079bf38e48
x-tt-trace-id: 00-240619172024655B20A0E307212193D8-0A67596145419C4B-00
Server: TLB
Content-Encoding: gzip
Content-Length: 208
X-Origin-Response-Time: 57,23.75.21.28
X-Akamai-Request-ID: b82fe9d1.6db38501
Date: Wed, 19 Jun 2024 17:20:25 GMT
X-Cache: TCP_MISS from a113-171-12-173.deploy.akamaitechnologies.com (AkamaiGHost/11.5.2-56372494) (-)
Connection: close
Vary: Accept-Encoding
X-Cache-Remote: TCP_MISS from a23-75-21-28.deploy.akamaitechnologies.com (AkamaiGHost/11.5.2-56372494) (-)
x-tt-trace-tag: id=16;cdn-cache=miss;type=dyn
Server-Timing: cdn-cache; desc=MISS, edge; dur=43, origin; dur=57
Server-Timing: inner; dur=52
X-Parent-Response-Time: 98,113.171.12.173

{"code":0,"msg":"ok","data":{"redirect_uri":"http:\/\/localhost\/wordpress\/wp-admin\/","app_id":"7382265490531418128","app_secret":"b6c836cb97d8623fc9122625e925e57a955e13ba","external_data_key":"09631b52-98ec-4b6c-9f05-950a8301a96e"}}

